<?xml version="1.0" encoding="UTF-8"?>
<!-- Generated by org.testng.reporters.JUnitReportReporter -->
<testsuite skipped="0" hostname="SLDT093" name="com.sailotech.tripadvisor.ClubMahindraReviewWritings" tests="1" failures="0" timestamp="10 Jan 2020 21:53:11 GMT" time="25.361" errors="0">
  <testcase name="test" time="25.361" classname="com.sailotech.tripadvisor.ClubMahindraReviewWritings"/>
</testsuite> <!-- com.sailotech.tripadvisor.ClubMahindraReviewWritings -->
