<?xml version="1.0" encoding="UTF-8"?>
<!-- Generated by org.testng.reporters.JUnitReportReporter -->
<testsuite skipped="0" hostname="SLDT093" name="com.sailotech.tripadvisor.ClubMahindraReview" tests="1" failures="0" timestamp="10 Jan 2020 18:13:57 GMT" time="57.352" errors="0">
  <testcase name="demo" time="57.352" classname="com.sailotech.tripadvisor.ClubMahindraReview"/>
</testsuite> <!-- com.sailotech.tripadvisor.ClubMahindraReview -->
