<?xml version="1.0" encoding="UTF-8"?>
<!-- Generated by org.testng.reporters.JUnitReportReporter -->
<testsuite skipped="0" hostname="SLDT093" name="com.sailotech.demo.PriceCompare" tests="1" failures="0" timestamp="10 Jan 2020 12:34:38 GMT" time="20.960" errors="0">
  <testcase name="comparePrice" time="20.960" classname="com.sailotech.demo.PriceCompare"/>
</testsuite> <!-- com.sailotech.demo.PriceCompare -->
