<?xml version="1.0" encoding="UTF-8"?>
<!-- Generated by org.testng.reporters.JUnitReportReporter -->
<testsuite skipped="0" hostname="SLDT093" name="com.sailotech.pricecompare.PriceCompare" tests="1" failures="0" timestamp="10 Jan 2020 21:34:53 GMT" time="20.527" errors="0">
  <testcase name="comparePrice" time="20.527" classname="com.sailotech.pricecompare.PriceCompare"/>
</testsuite> <!-- com.sailotech.pricecompare.PriceCompare -->
